{"uuid":"7741853f-eca6-444d-9bb8-7de4a692e933","historyId":"ac7cc69a5f41ed1301ece6ef113bb093","fullName":"tests.AmazonDemoTest.search","labels":[{"name":"package","value":"tests.AmazonDemoTest"},{"name":"testClass","value":"tests.AmazonDemoTest"},{"name":"testMethod","value":"search"},{"name":"parentSuite","value":"Default Suite"},{"name":"suite","value":"demo"},{"name":"subSuite","value":"tests.AmazonDemoTest"},{"name":"host","value":"Necdets-MacBook-Pro.local"},{"name":"thread","value":"11371@Necdets-MacBook-Pro.local.main(1)"},{"name":"framework","value":"testng"},{"name":"language","value":"java"}],"links":[],"name":"search","status":"failed","statusDetails":{"known":false,"muted":false,"flaky":false,"message":"Invalid element state: invalid element state\nScreenshot: file:/Users/necdetterkes/IdeaProjects/demo/build/reports/tests/1651383752745.0.png\nPage source: file:/Users/necdetterkes/IdeaProjects/demo/build/reports/tests/1651383752745.0.html\nTimeout: 4 s.\nCaused by: InvalidElementStateException: invalid element state","trace":"Invalid element state: invalid element state\nScreenshot: file:/Users/necdetterkes/IdeaProjects/demo/build/reports/tests/1651383752745.0.png\nPage source: file:/Users/necdetterkes/IdeaProjects/demo/build/reports/tests/1651383752745.0.html\nTimeout: 4 s.\nCaused by: InvalidElementStateException: invalid element state\n\tat com.codeborne.selenide.impl.ExceptionWrapper.wrap(ExceptionWrapper.java:26)\n\tat com.codeborne.selenide.impl.SelenideElementProxy.dispatchAndRetry(SelenideElementProxy.java:156)\n\tat com.codeborne.selenide.impl.SelenideElementProxy.invoke(SelenideElementProxy.java:86)\n\tat jdk.proxy2/jdk.proxy2.$Proxy11.setValue(Unknown Source)\n\tat pages.MainPage.clickMenuItem(MainPage.java:15)\n\tat tests.AmazonDemoTest.search(AmazonDemoTest.java:35)\n\tat java.base/jdk.internal.reflect.NativeMethodAccessorImpl.invoke0(Native Method)\n\tat java.base/jdk.internal.reflect.NativeMethodAccessorImpl.invoke(NativeMethodAccessorImpl.java:77)\n\tat java.base/jdk.internal.reflect.DelegatingMethodAccessorImpl.invoke(DelegatingMethodAccessorImpl.java:43)\n\tat java.base/java.lang.reflect.Method.invoke(Method.java:568)\n\tat org.testng.internal.MethodInvocationHelper.invokeMethod(MethodInvocationHelper.java:133)\n\tat org.testng.internal.TestInvoker.invokeMethod(TestInvoker.java:598)\n\tat org.testng.internal.TestInvoker.invokeTestMethod(TestInvoker.java:173)\n\tat org.testng.internal.MethodRunner.runInSequence(MethodRunner.java:46)\n\tat org.testng.internal.TestInvoker$MethodInvocationAgent.invoke(TestInvoker.java:824)\n\tat org.testng.internal.TestInvoker.invokeTestMethods(TestInvoker.java:146)\n\tat org.testng.internal.TestMethodWorker.invokeTestMethods(TestMethodWorker.java:146)\n\tat org.testng.internal.TestMethodWorker.run(TestMethodWorker.java:128)\n\tat java.base/java.util.ArrayList.forEach(ArrayList.java:1511)\n\tat org.testng.TestRunner.privateRun(TestRunner.java:794)\n\tat org.testng.TestRunner.run(TestRunner.java:596)\n\tat org.testng.SuiteRunner.runTest(SuiteRunner.java:377)\n\tat org.testng.SuiteRunner.runSequentially(SuiteRunner.java:371)\n\tat org.testng.SuiteRunner.privateRun(SuiteRunner.java:332)\n\tat org.testng.SuiteRunner.run(SuiteRunner.java:276)\n\tat org.testng.SuiteRunnerWorker.runSuite(SuiteRunnerWorker.java:53)\n\tat org.testng.SuiteRunnerWorker.run(SuiteRunnerWorker.java:96)\n\tat org.testng.TestNG.runSuitesSequentially(TestNG.java:1212)\n\tat org.testng.TestNG.runSuitesLocally(TestNG.java:1134)\n\tat org.testng.TestNG.runSuites(TestNG.java:1063)\n\tat org.testng.TestNG.run(TestNG.java:1031)\n\tat com.intellij.rt.testng.IDEARemoteTestNG.run(IDEARemoteTestNG.java:66)\n\tat com.intellij.rt.testng.RemoteTestNGStarter.main(RemoteTestNGStarter.java:109)\nCaused by: org.openqa.selenium.InvalidElementStateException: invalid element state\n  (Session info: chrome=101.0.4951.41)\nBuild info: version: '3.141.59', revision: 'e82be7d358', time: '2018-11-14T08:17:03'\nSystem info: host: 'Necdets-MacBook-Pro.local', ip: 'fe80:0:0:0:ca1:e3e2:7a8f:5990%en0', os.name: 'Mac OS X', os.arch: 'aarch64', os.version: '12.3.1', java.version: '17.0.2'\nDriver info: org.openqa.selenium.chrome.ChromeDriver\nCapabilities {acceptInsecureCerts: true, browserName: chrome, browserVersion: 101.0.4951.41, chrome: {chromedriverVersion: 101.0.4951.41 (93c720db8323..., userDataDir: /var/folders/0m/xrwlc1fs369...}, goog:chromeOptions: {debuggerAddress: localhost:59182}, javascriptEnabled: true, networkConnectionEnabled: false, pageLoadStrategy: normal, platform: MAC, platformName: MAC, proxy: Proxy(), setWindowRect: true, strictFileInteractability: false, timeouts: {implicit: 0, pageLoad: 300000, script: 30000}, unhandledPromptBehavior: dismiss and notify, webauthn:extension:credBlob: true, webauthn:extension:largeBlob: true, webauthn:virtualAuthenticators: true}\nSession ID: 66eaac50600f092ee3f4ee3a9698d23c\n\tat java.base/jdk.internal.reflect.NativeConstructorAccessorImpl.newInstance0(Native Method)\n\tat java.base/jdk.internal.reflect.NativeConstructorAccessorImpl.newInstance(NativeConstructorAccessorImpl.java:77)\n\tat java.base/jdk.internal.reflect.DelegatingConstructorAccessorImpl.newInstance(DelegatingConstructorAccessorImpl.java:45)\n\tat java.base/java.lang.reflect.Constructor.newInstanceWithCaller(Constructor.java:499)\n\tat java.base/java.lang.reflect.Constructor.newInstance(Constructor.java:480)\n\tat org.openqa.selenium.remote.http.W3CHttpResponseCodec.createException(W3CHttpResponseCodec.java:187)\n\tat org.openqa.selenium.remote.http.W3CHttpResponseCodec.decode(W3CHttpResponseCodec.java:122)\n\tat org.openqa.selenium.remote.http.W3CHttpResponseCodec.decode(W3CHttpResponseCodec.java:49)\n\tat org.openqa.selenium.remote.HttpCommandExecutor.execute(HttpCommandExecutor.java:158)\n\tat org.openqa.selenium.remote.service.DriverCommandExecutor.execute(DriverCommandExecutor.java:83)\n\tat org.openqa.selenium.remote.RemoteWebDriver.execute(RemoteWebDriver.java:552)\n\tat org.openqa.selenium.remote.RemoteWebElement.execute(RemoteWebElement.java:285)\n\tat org.openqa.selenium.remote.RemoteWebElement.clear(RemoteWebElement.java:124)\n\tat com.codeborne.selenide.commands.SetValue.setValueForTextInput(SetValue.java:68)\n\tat com.codeborne.selenide.commands.SetValue.execute(SetValue.java:39)\n\tat com.codeborne.selenide.commands.SetValue.execute(SetValue.java:17)\n\tat com.codeborne.selenide.commands.Commands.execute(Commands.java:157)\n\tat com.codeborne.selenide.impl.SelenideElementProxy.dispatchAndRetry(SelenideElementProxy.java:134)\n\t... 31 more\n"},"stage":"finished","steps":[{"name":"$(\"a#nav-hamburger-menu\") click()","status":"passed","stage":"finished","steps":[],"attachments":[],"parameters":[],"start":1651383743194,"stop":1651383748600},{"name":"$(\"By.linkText: Electronics & Computers\") set value(Electronics & Computers)","status":"failed","statusDetails":{"known":false,"muted":false,"flaky":false,"message":"Invalid element state: invalid element state\nScreenshot: file:/Users/necdetterkes/IdeaProjects/demo/build/reports/tests/1651383752745.0.png\nPage source: file:/Users/necdetterkes/IdeaProjects/demo/build/reports/tests/1651383752745.0.html\nTimeout: 4 s.\nCaused by: InvalidElementStateException: invalid element state","trace":"Invalid element state: invalid element state\nScreenshot: file:/Users/necdetterkes/IdeaProjects/demo/build/reports/tests/1651383752745.0.png\nPage source: file:/Users/necdetterkes/IdeaProjects/demo/build/reports/tests/1651383752745.0.html\nTimeout: 4 s.\nCaused by: InvalidElementStateException: invalid element state\n\tat com.codeborne.selenide.impl.ExceptionWrapper.wrap(ExceptionWrapper.java:26)\n\tat com.codeborne.selenide.impl.SelenideElementProxy.dispatchAndRetry(SelenideElementProxy.java:156)\n\tat com.codeborne.selenide.impl.SelenideElementProxy.invoke(SelenideElementProxy.java:86)\n\tat jdk.proxy2/jdk.proxy2.$Proxy11.setValue(Unknown Source)\n\tat pages.MainPage.clickMenuItem(MainPage.java:15)\n\tat tests.AmazonDemoTest.search(AmazonDemoTest.java:35)\n\tat java.base/jdk.internal.reflect.NativeMethodAccessorImpl.invoke0(Native Method)\n\tat java.base/jdk.internal.reflect.NativeMethodAccessorImpl.invoke(NativeMethodAccessorImpl.java:77)\n\tat java.base/jdk.internal.reflect.DelegatingMethodAccessorImpl.invoke(DelegatingMethodAccessorImpl.java:43)\n\tat java.base/java.lang.reflect.Method.invoke(Method.java:568)\n\tat org.testng.internal.MethodInvocationHelper.invokeMethod(MethodInvocationHelper.java:133)\n\tat org.testng.internal.TestInvoker.invokeMethod(TestInvoker.java:598)\n\tat org.testng.internal.TestInvoker.invokeTestMethod(TestInvoker.java:173)\n\tat org.testng.internal.MethodRunner.runInSequence(MethodRunner.java:46)\n\tat org.testng.internal.TestInvoker$MethodInvocationAgent.invoke(TestInvoker.java:824)\n\tat org.testng.internal.TestInvoker.invokeTestMethods(TestInvoker.java:146)\n\tat org.testng.internal.TestMethodWorker.invokeTestMethods(TestMethodWorker.java:146)\n\tat org.testng.internal.TestMethodWorker.run(TestMethodWorker.java:128)\n\tat java.base/java.util.ArrayList.forEach(ArrayList.java:1511)\n\tat org.testng.TestRunner.privateRun(TestRunner.java:794)\n\tat org.testng.TestRunner.run(TestRunner.java:596)\n\tat org.testng.SuiteRunner.runTest(SuiteRunner.java:377)\n\tat org.testng.SuiteRunner.runSequentially(SuiteRunner.java:371)\n\tat org.testng.SuiteRunner.privateRun(SuiteRunner.java:332)\n\tat org.testng.SuiteRunner.run(SuiteRunner.java:276)\n\tat org.testng.SuiteRunnerWorker.runSuite(SuiteRunnerWorker.java:53)\n\tat org.testng.SuiteRunnerWorker.run(SuiteRunnerWorker.java:96)\n\tat org.testng.TestNG.runSuitesSequentially(TestNG.java:1212)\n\tat org.testng.TestNG.runSuitesLocally(TestNG.java:1134)\n\tat org.testng.TestNG.runSuites(TestNG.java:1063)\n\tat org.testng.TestNG.run(TestNG.java:1031)\n\tat com.intellij.rt.testng.IDEARemoteTestNG.run(IDEARemoteTestNG.java:66)\n\tat com.intellij.rt.testng.RemoteTestNGStarter.main(RemoteTestNGStarter.java:109)\nCaused by: org.openqa.selenium.InvalidElementStateException: invalid element state\n  (Session info: chrome=101.0.4951.41)\nBuild info: version: '3.141.59', revision: 'e82be7d358', time: '2018-11-14T08:17:03'\nSystem info: host: 'Necdets-MacBook-Pro.local', ip: 'fe80:0:0:0:ca1:e3e2:7a8f:5990%en0', os.name: 'Mac OS X', os.arch: 'aarch64', os.version: '12.3.1', java.version: '17.0.2'\nDriver info: org.openqa.selenium.chrome.ChromeDriver\nCapabilities {acceptInsecureCerts: true, browserName: chrome, browserVersion: 101.0.4951.41, chrome: {chromedriverVersion: 101.0.4951.41 (93c720db8323..., userDataDir: /var/folders/0m/xrwlc1fs369...}, goog:chromeOptions: {debuggerAddress: localhost:59182}, javascriptEnabled: true, networkConnectionEnabled: false, pageLoadStrategy: normal, platform: MAC, platformName: MAC, proxy: Proxy(), setWindowRect: true, strictFileInteractability: false, timeouts: {implicit: 0, pageLoad: 300000, script: 30000}, unhandledPromptBehavior: dismiss and notify, webauthn:extension:credBlob: true, webauthn:extension:largeBlob: true, webauthn:virtualAuthenticators: true}\nSession ID: 66eaac50600f092ee3f4ee3a9698d23c\n\tat java.base/jdk.internal.reflect.NativeConstructorAccessorImpl.newInstance0(Native Method)\n\tat java.base/jdk.internal.reflect.NativeConstructorAccessorImpl.newInstance(NativeConstructorAccessorImpl.java:77)\n\tat java.base/jdk.internal.reflect.DelegatingConstructorAccessorImpl.newInstance(DelegatingConstructorAccessorImpl.java:45)\n\tat java.base/java.lang.reflect.Constructor.newInstanceWithCaller(Constructor.java:499)\n\tat java.base/java.lang.reflect.Constructor.newInstance(Constructor.java:480)\n\tat org.openqa.selenium.remote.http.W3CHttpResponseCodec.createException(W3CHttpResponseCodec.java:187)\n\tat org.openqa.selenium.remote.http.W3CHttpResponseCodec.decode(W3CHttpResponseCodec.java:122)\n\tat org.openqa.selenium.remote.http.W3CHttpResponseCodec.decode(W3CHttpResponseCodec.java:49)\n\tat org.openqa.selenium.remote.HttpCommandExecutor.execute(HttpCommandExecutor.java:158)\n\tat org.openqa.selenium.remote.service.DriverCommandExecutor.execute(DriverCommandExecutor.java:83)\n\tat org.openqa.selenium.remote.RemoteWebDriver.execute(RemoteWebDriver.java:552)\n\tat org.openqa.selenium.remote.RemoteWebElement.execute(RemoteWebElement.java:285)\n\tat org.openqa.selenium.remote.RemoteWebElement.clear(RemoteWebElement.java:124)\n\tat com.codeborne.selenide.commands.SetValue.setValueForTextInput(SetValue.java:68)\n\tat com.codeborne.selenide.commands.SetValue.execute(SetValue.java:39)\n\tat com.codeborne.selenide.commands.SetValue.execute(SetValue.java:17)\n\tat com.codeborne.selenide.commands.Commands.execute(Commands.java:157)\n\tat com.codeborne.selenide.impl.SelenideElementProxy.dispatchAndRetry(SelenideElementProxy.java:134)\n\t... 31 more\n"},"stage":"finished","steps":[],"attachments":[{"name":"Screenshot","source":"5bf722f0-9d02-44d1-b362-2dbc13f07f70-attachment.png","type":"image/png"},{"name":"Page source","source":"9815408c-26e1-483a-ab09-42f9e125a7f2-attachment.html","type":"text/html"}],"parameters":[],"start":1651383748600,"stop":1651383753218}],"attachments":[],"parameters":[],"start":1651383743193,"stop":1651383753223}